mode: set
mytodo/controller/category.go:25.92,29.2 1 1
mytodo/controller/category.go:31.62,32.36 1 1
mytodo/controller/category.go:32.36,37.39 5 1
mytodo/controller/category.go:37.39,40.4 2 1
mytodo/controller/category.go:41.3,43.11 3 1
mytodo/controller/category.go:43.11,45.4 1 1
mytodo/controller/category.go:46.3,46.94 1 1
mytodo/controller/category.go:50.64,51.36 1 1
mytodo/controller/category.go:51.36,57.17 6 1
mytodo/controller/category.go:57.17,59.4 1 1
mytodo/controller/category.go:60.3,62.17 3 1
mytodo/controller/category.go:62.17,64.4 1 1
mytodo/controller/category.go:65.3,66.24 2 1
mytodo/controller/category.go:66.24,68.4 1 1
mytodo/controller/category.go:69.3,69.98 1 1
mytodo/controller/category.go:73.62,74.36 1 1
mytodo/controller/category.go:74.36,79.17 5 1
mytodo/controller/category.go:79.17,81.4 1 1
mytodo/controller/category.go:82.3,83.17 2 1
mytodo/controller/category.go:83.17,85.4 1 1
mytodo/controller/category.go:86.3,86.87 1 1
mytodo/controller/category.go:90.65,91.36 1 1
mytodo/controller/category.go:91.36,97.17 6 1
mytodo/controller/category.go:97.17,99.4 1 1
mytodo/controller/category.go:100.3,101.17 2 1
mytodo/controller/category.go:101.17,103.4 1 1
mytodo/controller/category.go:104.3,105.11 2 1
mytodo/controller/category.go:105.11,107.4 1 1
mytodo/controller/category.go:108.3,108.90 1 1
mytodo/controller/category.go:112.65,113.36 1 1
mytodo/controller/category.go:113.36,118.17 5 1
mytodo/controller/category.go:118.17,120.4 1 1
mytodo/controller/category.go:121.3,122.11 2 1
mytodo/controller/category.go:122.11,124.4 1 1
mytodo/controller/category.go:125.3,125.90 1 1
mytodo/controller/todo.go:25.80,29.2 1 1
mytodo/controller/todo.go:31.54,32.36 1 1
mytodo/controller/todo.go:32.36,36.39 4 1
mytodo/controller/todo.go:36.39,38.4 1 1
mytodo/controller/todo.go:39.3,42.11 4 1
mytodo/controller/todo.go:42.11,44.4 1 1
mytodo/controller/todo.go:45.3,45.91 1 1
mytodo/controller/todo.go:49.55,50.36 1 1
mytodo/controller/todo.go:50.36,56.17 5 1
mytodo/controller/todo.go:56.17,58.4 1 1
mytodo/controller/todo.go:59.3,61.17 3 1
mytodo/controller/todo.go:61.17,63.4 1 1
mytodo/controller/todo.go:64.3,67.18 4 1
mytodo/controller/todo.go:67.18,69.4 1 1
mytodo/controller/todo.go:70.3,70.84 1 1
mytodo/controller/todo.go:74.54,75.36 1 1
mytodo/controller/todo.go:75.36,80.17 5 1
mytodo/controller/todo.go:80.17,82.4 1 1
mytodo/controller/todo.go:83.3,84.17 2 1
mytodo/controller/todo.go:84.17,86.4 1 1
mytodo/controller/todo.go:87.3,87.83 1 1
mytodo/controller/todo.go:91.57,92.36 1 1
mytodo/controller/todo.go:92.36,97.17 5 1
mytodo/controller/todo.go:97.17,99.4 1 1
mytodo/controller/todo.go:100.3,101.39 2 1
mytodo/controller/todo.go:101.39,103.4 1 1
mytodo/controller/todo.go:104.3,105.11 2 1
mytodo/controller/todo.go:105.11,107.4 1 1
mytodo/controller/todo.go:108.3,108.86 1 1
mytodo/controller/todo.go:111.63,112.36 1 1
mytodo/controller/todo.go:112.36,117.17 5 1
mytodo/controller/todo.go:117.17,119.4 1 1
mytodo/controller/todo.go:120.3,121.11 2 1
mytodo/controller/todo.go:121.11,123.4 1 1
mytodo/controller/todo.go:124.3,124.93 1 1
mytodo/controller/todo.go:128.57,129.36 1 1
mytodo/controller/todo.go:129.36,134.17 5 1
mytodo/controller/todo.go:134.17,136.4 1 1
mytodo/controller/todo.go:137.3,138.11 2 1
mytodo/controller/todo.go:138.11,140.4 1 1
mytodo/controller/todo.go:141.3,141.86 1 1
mytodo/controller/todoai.go:22.111,27.2 1 1
mytodo/controller/todoai.go:29.55,30.36 1 1
mytodo/controller/todoai.go:30.36,33.17 3 1
mytodo/controller/todoai.go:33.17,35.4 1 1
mytodo/controller/todoai.go:36.3,38.17 3 1
mytodo/controller/todoai.go:38.17,40.4 1 1
mytodo/controller/todoai.go:41.3,44.103 2 1
mytodo/controller/users.go:22.108,27.2 1 1
mytodo/controller/users.go:29.56,30.36 1 1
mytodo/controller/users.go:30.36,32.39 2 1
mytodo/controller/users.go:32.39,34.4 1 1
mytodo/controller/users.go:36.3,37.17 2 1
mytodo/controller/users.go:37.17,39.4 1 1
mytodo/controller/users.go:40.3,40.88 1 1
mytodo/controller/users.go:44.53,45.36 1 1
mytodo/controller/users.go:45.36,47.39 2 1
mytodo/controller/users.go:47.39,49.4 1 1
mytodo/controller/users.go:50.3,51.17 2 1
mytodo/controller/users.go:51.17,53.4 1 1
mytodo/controller/users.go:54.3,55.19 2 1
mytodo/controller/users.go:55.19,57.4 1 0
mytodo/controller/users.go:58.3,60.82 3 1
